# JRE version: OpenJDK Runtime Environment Temurin-20.0.2+9 (20.0.2+9) (build 20.0.2+9)
# Java VM: OpenJDK 64-Bit Server VM Temurin-20.0.2+9 (20.0.2+9, mixed mode, emulated-client, tiered, compressed oops, compressed class ptrs, g1 gc, windows-amd64)
GC Precious Log:
 CardTable entry size: 512
 Card Set container configuration: InlinePtr #cards 5 size 8 Array Of Cards #cards 12 size 40 Howl #buckets 4 coarsen threshold 1843 Howl Bitmap #cards 512 size 80 coarsen threshold 460 Card regions per heap region 1 cards per card region 2048
 CPUs: 4 total, 4 available
 Memory: 3930M
 Large Page Support: Disabled
 NUMA Support: Disabled
 Compressed Oops: Enabled (32-bit)
 Heap Region Size: 1M
 Heap Min Capacity: 8M
 Heap Initial Capacity: 62M
 Heap Max Capacity: 1G
 Pre-touch: Disabled
 Parallel Workers: 4
 Concurrent Workers: 1
 Concurrent Refinement Workers: 4
 Periodic GC: Disabled
Heap:
 garbage-first heap   total 512000K, used 197108K [0x00000000c0000000, 0x0000000100000000)
  region size 1024K, 4 young (4096K), 4 survivors (4096K)
 Metaspace       used 59329K, committed 60096K, reserved 1114112K
  class space    used 7073K, committed 7424K, reserved 1048576K
GC Heap History (20 events):
Event: 19.982 GC heap after
{Heap after GC invocations=31 (full 0):
 garbage-first heap   total 301056K, used 132424K [0x00000000c0000000, 0x0000000100000000)
  region size 1024K, 11 young (11264K), 11 survivors (11264K)
 Metaspace       used 55931K, committed 56704K, reserved 1114112K
  class space    used 6643K, committed 6976K, reserved 1048576K
}
Event: 22.232 GC heap before
{Heap before GC invocations=31 (full 0):
 garbage-first heap   total 301056K, used 271688K [0x00000000c0000000, 0x0000000100000000)
  region size 1024K, 148 young (151552K), 11 survivors (11264K)
 Metaspace       used 56758K, committed 57536K, reserved 1114112K
  class space    used 6769K, committed 7104K, reserved 1048576K
}
Event: 22.277 GC heap after
{Heap after GC invocations=32 (full 0):
 garbage-first heap   total 301056K, used 135680K [0x00000000c0000000, 0x0000000100000000)
  region size 1024K, 16 young (16384K), 16 survivors (16384K)
 Metaspace       used 56758K, committed 57536K, reserved 1114112K
  class space    used 6769K, committed 7104K, reserved 1048576K
}
Event: 22.940 GC heap before
{Heap before GC invocations=32 (full 0):
 garbage-first heap   total 301056K, used 188928K [0x00000000c0000000, 0x0000000100000000)
  region size 1024K, 69 young (70656K), 16 survivors (16384K)
 Metaspace       used 56758K, committed 57536K, reserved 1114112K
  class space    used 6769K, committed 7104K, reserved 1048576K
}
Event: 23.000 GC heap after
{Heap after GC invocations=33 (full 0):
 garbage-first heap   total 301056K, used 139187K [0x00000000c0000000, 0x0000000100000000)
  region size 1024K, 4 young (4096K), 4 survivors (4096K)
 Metaspace       used 56758K, committed 57536K, reserved 1114112K
  class space    used 6769K, committed 7104K, reserved 1048576K
}
Event: 24.763 GC heap before
{Heap before GC invocations=34 (full 0):
 garbage-first heap   total 322560K, used 278451K [0x00000000c0000000, 0x0000000100000000)
  region size 1024K, 141 young (144384K), 4 survivors (4096K)
 Metaspace       used 57451K, committed 58176K, reserved 1114112K
  class space    used 6853K, committed 7168K, reserved 1048576K
}
Event: 25.002 GC heap after
{Heap after GC invocations=35 (full 0):
 garbage-first heap   total 322560K, used 144307K [0x00000000c0000000, 0x0000000100000000)
  region size 1024K, 9 young (9216K), 9 survivors (9216K)
 Metaspace       used 57451K, committed 58176K, reserved 1114112K
  class space    used 6853K, committed 7168K, reserved 1048576K
}
Event: 26.486 GC heap before
{Heap before GC invocations=35 (full 0):
 garbage-first heap   total 322560K, used 294835K [0x00000000c0000000, 0x0000000100000000)
  region size 1024K, 157 young (160768K), 9 survivors (9216K)
 Metaspace       used 57867K, committed 58624K, reserved 1114112K
  class space    used 6908K, committed 7232K, reserved 1048576K
}
Event: 26.676 GC heap after
{Heap after GC invocations=36 (full 0):
 garbage-first heap   total 430080K, used 152798K [0x00000000c0000000, 0x0000000100000000)
  region size 1024K, 20 young (20480K), 20 survivors (20480K)
 Metaspace       used 57867K, committed 58624K, reserved 1114112K
  class space    used 6908K, committed 7232K, reserved 1048576K
}
Event: 27.592 GC heap before
{Heap before GC invocations=36 (full 0):
 garbage-first heap   total 430080K, used 227550K [0x00000000c0000000, 0x0000000100000000)
  region size 1024K, 94 young (96256K), 20 survivors (20480K)
 Metaspace       used 58039K, committed 58816K, reserved 1114112K
  class space    used 6921K, committed 7296K, reserved 1048576K
}
Event: 27.640 GC heap after
{Heap after GC invocations=37 (full 0):
 garbage-first heap   total 430080K, used 158400K [0x00000000c0000000, 0x0000000100000000)
  region size 1024K, 7 young (7168K), 7 survivors (7168K)
 Metaspace       used 58039K, committed 58816K, reserved 1114112K
  class space    used 6921K, committed 7296K, reserved 1048576K
}
Event: 37.938 GC heap before
{Heap before GC invocations=37 (full 0):
 garbage-first heap   total 430080K, used 396992K [0x00000000c0000000, 0x0000000100000000)
  region size 1024K, 241 young (246784K), 7 survivors (7168K)
 Metaspace       used 59225K, committed 59968K, reserved 1114112K
  class space    used 7061K, committed 7424K, reserved 1048576K
}
Event: 37.969 GC heap after
{Heap after GC invocations=38 (full 0):
 garbage-first heap   total 430080K, used 170176K [0x00000000c0000000, 0x0000000100000000)
  region size 1024K, 18 young (18432K), 18 survivors (18432K)
 Metaspace       used 59225K, committed 59968K, reserved 1114112K
  class space    used 7061K, committed 7424K, reserved 1048576K
}
Event: 38.842 GC heap before
{Heap before GC invocations=38 (full 0):
 garbage-first heap   total 430080K, used 216256K [0x00000000c0000000, 0x0000000100000000)
  region size 1024K, 65 young (66560K), 18 survivors (18432K)
 Metaspace       used 59225K, committed 59968K, reserved 1114112K
  class space    used 7061K, committed 7424K, reserved 1048576K
}
Event: 38.872 GC heap after
{Heap after GC invocations=39 (full 0):
 garbage-first heap   total 430080K, used 172399K [0x00000000c0000000, 0x0000000100000000)
  region size 1024K, 15 young (15360K), 15 survivors (15360K)
 Metaspace       used 59225K, committed 59968K, reserved 1114112K
  class space    used 7061K, committed 7424K, reserved 1048576K
}
Event: 46.595 GC heap before
{Heap before GC invocations=40 (full 0):
 garbage-first heap   total 512000K, used 388463K [0x00000000c0000000, 0x0000000100000000)
  region size 1024K, 226 young (231424K), 15 survivors (15360K)
 Metaspace       used 59238K, committed 60032K, reserved 1114112K
  class space    used 7061K, committed 7424K, reserved 1048576K
}
Event: 46.839 GC heap after
{Heap after GC invocations=41 (full 0):
 garbage-first heap   total 512000K, used 183663K [0x00000000c0000000, 0x0000000100000000)
  region size 1024K, 25 young (25600K), 25 survivors (25600K)
 Metaspace       used 59238K, committed 60032K, reserved 1114112K
  class space    used 7061K, committed 7424K, reserved 1048576K
}
Event: 53.816 GC heap before
{Heap before GC invocations=41 (full 0):
 garbage-first heap   total 512000K, used 459119K [0x00000000c0000000, 0x0000000100000000)
  region size 1024K, 295 young (302080K), 25 survivors (25600K)
 Metaspace       used 59321K, committed 60096K, reserved 1114112K
  class space    used 7071K, committed 7424K, reserved 1048576K
}
Event: 54.489 GC heap after
{Heap after GC invocations=42 (full 0):
 garbage-first heap   total 512000K, used 193997K [0x00000000c0000000, 0x0000000100000000)
  region size 1024K, 24 young (24576K), 24 survivors (24576K)
 Metaspace       used 59321K, committed 60096K, reserved 1114112K
  class space    used 7071K, committed 7424K, reserved 1048576K
}
Event: 56.824 GC heap before
{Heap before GC invocations=42 (full 0):
 garbage-first heap   total 512000K, used 247245K [0x00000000c0000000, 0x0000000100000000)
  region size 1024K, 77 young (78848K), 24 survivors (24576K)
 Metaspace       used 59329K, committed 60096K, reserved 1114112K
  class space    used 7073K, committed 7424K, reserved 1048576K
}

